<?xml version="1.0" encoding="UTF-8"?>
<testng-results ignored="0" total="1" passed="1" failed="0" skipped="0">
  <reporter-output>
  </reporter-output>
  <suite started-at="2021-01-13T11:21:24 PST" name="Surefire suite" finished-at="2021-01-13T11:21:24 PST" duration-ms="74">
    <groups>
    </groups>
    <test started-at="2021-01-13T11:21:24 PST" name="Surefire test" finished-at="2021-01-13T11:21:24 PST" duration-ms="74">
      <class name="org.cb.ta.AppTest">
        <test-method signature="shouldAnswerWithTrue()" started-at="2021-01-13T11:21:24 PST" name="shouldAnswerWithTrue" finished-at="2021-01-13T11:21:24 PST" duration-ms="13" status="PASS">
          <reporter-output>
          </reporter-output>
        </test-method> <!-- shouldAnswerWithTrue -->
      </class> <!-- org.cb.ta.AppTest -->
    </test> <!-- Surefire test -->
  </suite> <!-- Surefire suite -->
</testng-results>
